TN:
SF:src/index.js
FN:13,(anonymous_0)
FN:23,(anonymous_1)
FN:52,(anonymous_2)
FN:90,(anonymous_3)
FN:143,(anonymous_4)
FN:164,(anonymous_5)
FN:173,(anonymous_6)
FN:179,(anonymous_7)
FN:181,(anonymous_8)
FN:192,(anonymous_9)
FN:206,(anonymous_10)
FN:222,(anonymous_11)
FN:224,(anonymous_12)
FN:239,(anonymous_13)
FN:242,(anonymous_14)
FN:263,(anonymous_15)
FN:265,(anonymous_16)
FN:283,(anonymous_17)
FN:300,(anonymous_18)
FN:330,(anonymous_19)
FN:340,(anonymous_20)
FN:349,(anonymous_21)
FN:351,(anonymous_22)
FN:353,(anonymous_23)
FN:363,(anonymous_24)
FN:371,(anonymous_25)
FN:392,(anonymous_26)
FN:396,(anonymous_27)
FN:408,(anonymous_28)
FN:442,(anonymous_29)
FNF:30
FNH:26
FNDA:10,(anonymous_0)
FNDA:10,(anonymous_1)
FNDA:8,(anonymous_2)
FNDA:4,(anonymous_3)
FNDA:4,(anonymous_4)
FNDA:24,(anonymous_5)
FNDA:0,(anonymous_6)
FNDA:24,(anonymous_7)
FNDA:24,(anonymous_8)
FNDA:4,(anonymous_9)
FNDA:30,(anonymous_10)
FNDA:0,(anonymous_11)
FNDA:0,(anonymous_12)
FNDA:5,(anonymous_13)
FNDA:30,(anonymous_14)
FNDA:5,(anonymous_15)
FNDA:26,(anonymous_16)
FNDA:5,(anonymous_17)
FNDA:10,(anonymous_18)
FNDA:8,(anonymous_19)
FNDA:4,(anonymous_20)
FNDA:4,(anonymous_21)
FNDA:41,(anonymous_22)
FNDA:20,(anonymous_23)
FNDA:5,(anonymous_24)
FNDA:22,(anonymous_25)
FNDA:54,(anonymous_26)
FNDA:162,(anonymous_27)
FNDA:0,(anonymous_28)
FNDA:1,(anonymous_29)
DA:6,1
DA:7,1
DA:8,1
DA:9,1
DA:10,1
DA:14,10
DA:15,10
DA:16,10
DA:17,10
DA:24,10
DA:25,10
DA:26,0
DA:30,10
DA:54,8
DA:55,8
DA:56,8
DA:60,8
DA:61,0
DA:65,8
DA:66,8
DA:67,0
DA:84,8
DA:91,4
DA:101,4
DA:103,4
DA:106,4
DA:109,4
DA:110,4
DA:113,4
DA:114,4
DA:117,4
DA:120,4
DA:123,4
DA:126,4
DA:129,0
DA:130,0
DA:131,0
DA:135,4
DA:137,4
DA:144,4
DA:151,4
DA:152,12
DA:157,12
DA:158,4
DA:164,4
DA:165,24
DA:166,24
DA:171,4
DA:172,4
DA:173,0
DA:179,24
DA:180,4
DA:181,4
DA:182,24
DA:186,4
DA:193,4
DA:199,4
DA:201,4
DA:204,4
DA:206,5
DA:207,30
DA:208,30
DA:213,5
DA:214,1
DA:222,0
DA:223,0
DA:224,0
DA:225,0
DA:230,4
DA:233,4
DA:240,5
DA:242,5
DA:243,30
DA:244,30
DA:245,30
DA:247,30
DA:257,5
DA:265,5
DA:266,26
DA:270,5
DA:271,5
DA:274,5
DA:275,5
DA:277,5
DA:284,5
DA:285,5
DA:286,5
DA:287,4
DA:288,4
DA:289,4
DA:294,1
DA:301,10
DA:302,10
DA:304,10
DA:305,30
DA:310,30
DA:311,10
DA:312,10
DA:313,10
DA:314,10
DA:319,10
DA:320,10
DA:324,0
DA:331,8
DA:332,7
DA:333,6
DA:334,5
DA:343,4
DA:350,4
DA:351,41
DA:353,20
DA:364,5
DA:366,5
DA:367,5
DA:371,5
DA:372,22
DA:373,22
DA:374,6
DA:375,16
DA:376,9
DA:381,5
DA:382,5
DA:383,0
DA:386,5
DA:393,54
DA:394,54
DA:396,54
DA:397,162
DA:398,162
DA:399,162
DA:402,54
DA:409,0
DA:410,0
DA:411,0
DA:414,0
DA:415,0
DA:433,0
DA:434,0
DA:436,0
DA:443,1
DA:449,1
DA:458,1
DA:462,1
DA:463,1
LF:144
LH:123
BRDA:13,0,0,0
BRDA:25,1,0,0
BRDA:25,1,1,10
BRDA:52,2,0,0
BRDA:55,3,0,8
BRDA:55,3,1,0
BRDA:60,4,0,0
BRDA:60,4,1,8
BRDA:66,5,0,0
BRDA:66,5,1,8
BRDA:167,6,0,24
BRDA:167,6,1,24
BRDA:172,7,0,0
BRDA:172,7,1,4
BRDA:180,8,0,4
BRDA:180,8,1,0
BRDA:209,9,0,30
BRDA:209,9,1,29
BRDA:217,10,0,1
BRDA:217,10,1,0
BRDA:223,11,0,0
BRDA:223,11,1,0
BRDA:243,12,0,30
BRDA:243,12,1,15
BRDA:244,13,0,30
BRDA:244,13,1,26
BRDA:286,14,0,4
BRDA:286,14,1,1
BRDA:313,15,0,10
BRDA:313,15,1,0
BRDA:331,16,0,1
BRDA:331,16,1,7
BRDA:332,17,0,1
BRDA:332,17,1,6
BRDA:333,18,0,1
BRDA:333,18,1,5
BRDA:366,19,0,5
BRDA:366,19,1,0
BRDA:373,20,0,6
BRDA:373,20,1,16
BRDA:375,21,0,9
BRDA:375,21,1,7
BRDA:382,22,0,0
BRDA:382,22,1,5
BRDA:399,23,0,14
BRDA:399,23,1,148
BRDA:410,24,0,0
BRDA:410,24,1,0
BRF:48
BRH:32
end_of_record
TN:
SF:src/trust-debt.js
FN:11,(anonymous_0)
FN:22,(anonymous_1)
FN:30,(anonymous_2)
FN:38,(anonymous_3)
FN:63,(anonymous_4)
FN:103,(anonymous_5)
FN:153,(anonymous_6)
FN:165,(anonymous_7)
FN:211,(anonymous_8)
FN:235,(anonymous_9)
FNF:10
FNH:6
FNDA:4,(anonymous_0)
FNDA:4,(anonymous_1)
FNDA:4,(anonymous_2)
FNDA:0,(anonymous_3)
FNDA:0,(anonymous_4)
FNDA:1,(anonymous_5)
FNDA:0,(anonymous_6)
FNDA:1,(anonymous_7)
FNDA:0,(anonymous_8)
FNDA:1,(anonymous_9)
DA:6,1
DA:7,1
DA:8,1
DA:12,4
DA:13,4
DA:16,4
DA:23,4
DA:30,4
DA:31,4
DA:39,0
DA:41,0
DA:42,0
DA:44,0
DA:47,0
DA:50,0
DA:51,0
DA:64,0
DA:67,0
DA:73,0
DA:74,0
DA:81,0
DA:82,0
DA:89,0
DA:90,0
DA:97,0
DA:104,1
DA:107,1
DA:108,1
DA:109,0
DA:110,0
DA:113,0
DA:114,0
DA:119,0
DA:126,0
DA:132,0
DA:137,0
DA:141,1
DA:154,0
DA:155,0
DA:156,0
DA:158,0
DA:166,1
DA:172,1
DA:173,1
DA:174,1
DA:175,1
DA:176,1
DA:177,1
DA:178,1
DA:182,1
DA:183,1
DA:184,0
DA:185,0
DA:189,1
DA:190,1
DA:191,0
DA:192,0
DA:196,1
DA:205,1
DA:212,0
DA:217,0
DA:218,0
DA:219,0
DA:220,0
DA:221,0
DA:223,0
DA:224,0
DA:226,0
DA:236,1
DA:237,1
DA:238,0
DA:241,1
DA:244,1
DA:245,0
DA:246,0
DA:247,0
DA:248,0
DA:252,0
DA:253,0
DA:257,1
DA:297,1
DA:298,1
DA:300,1
DA:301,1
DA:305,1
LF:85
LH:37
BRDA:11,0,0,0
BRDA:38,1,0,0
BRDA:42,2,0,0
BRDA:42,2,1,0
BRDA:42,3,0,0
BRDA:42,3,1,0
BRDA:69,4,0,0
BRDA:69,4,1,0
BRDA:73,5,0,0
BRDA:73,5,1,0
BRDA:76,6,0,0
BRDA:76,6,1,0
BRDA:81,7,0,0
BRDA:81,7,1,0
BRDA:84,8,0,0
BRDA:84,8,1,0
BRDA:89,9,0,0
BRDA:89,9,1,0
BRDA:92,10,0,0
BRDA:92,10,1,0
BRDA:108,11,0,0
BRDA:108,11,1,1
BRDA:114,12,0,0
BRDA:114,12,1,0
BRDA:120,13,0,0
BRDA:120,13,1,0
BRDA:121,14,0,0
BRDA:121,14,1,0
BRDA:173,15,0,1
BRDA:173,15,1,0
BRDA:183,16,0,0
BRDA:183,16,1,1
BRDA:190,17,0,0
BRDA:190,17,1,1
BRDA:197,18,0,0
BRDA:197,18,1,1
BRDA:199,19,0,0
BRDA:199,19,1,1
BRDA:201,20,0,0
BRDA:201,20,1,1
BRDA:219,21,0,0
BRDA:219,21,1,0
BRDA:221,22,0,0
BRDA:221,22,1,0
BRDA:222,23,0,0
BRDA:222,23,1,0
BRDA:237,24,0,0
BRDA:237,24,1,1
BRDA:244,25,0,0
BRDA:244,25,1,1
BRDA:246,26,0,0
BRDA:246,26,1,0
BRF:52
BRH:9
end_of_record
